2020-03-26 14:38:37,353 INFO [root] [__init__.py(<module>:16)] - INFO Test --------------------------
2020-03-26 14:38:37,670 INFO [root] [test_login_params.py(test01_login:30)] - 登录的结果为：{'success': True, 'code': 10000, 'message': '操作成功！', 'data': '21a3e7ad-d6fd-4771-80d0-ee5b9d0d537a'}
2020-03-26 14:38:37,745 INFO [root] [test_login_params.py(test01_login:30)] - 登录的结果为：{'success': False, 'code': 20001, 'message': '用户名或密码错误', 'data': None}
2020-03-26 14:38:37,824 INFO [root] [test_login_params.py(test01_login:30)] - 登录的结果为：{'success': False, 'code': 20001, 'message': '用户名或密码错误', 'data': None}
2020-03-26 14:38:37,908 INFO [root] [test_login_params.py(test01_login:30)] - 登录的结果为：{'success': False, 'code': 20001, 'message': '用户名或密码错误', 'data': None}
2020-03-26 14:38:37,990 INFO [root] [test_login_params.py(test01_login:30)] - 登录的结果为：{'success': False, 'code': 20001, 'message': '用户名或密码错误', 'data': None}
2020-03-26 14:38:38,066 INFO [root] [test_login_params.py(test01_login:30)] - 登录的结果为：{'success': False, 'code': 20001, 'message': '用户名或密码错误', 'data': None}
2020-03-26 14:38:38,143 INFO [root] [test_login_params.py(test01_login:30)] - 登录的结果为：{'success': False, 'code': 20001, 'message': '用户名或密码错误', 'data': None}
2020-03-26 14:38:38,224 INFO [root] [test_login_params.py(test01_login:30)] - 登录的结果为：{'success': True, 'code': 10000, 'message': '操作成功！', 'data': '76169611-7daf-42ef-bc8a-574d1c90fa81'}
2020-03-26 14:38:38,305 INFO [root] [test_login_params.py(test01_login:30)] - 登录的结果为：{'success': False, 'code': 20001, 'message': '用户名或密码错误', 'data': None}
2020-03-26 14:38:38,382 INFO [root] [test_login_params.py(test01_login:30)] - 登录的结果为：{'success': False, 'code': 20001, 'message': '用户名或密码错误', 'data': None}
2020-03-26 14:38:38,459 INFO [root] [test_login_params.py(test01_login:30)] - 登录的结果为：{'success': False, 'code': 99999, 'message': '抱歉，系统繁忙，请稍后重试！', 'data': None}
2020-03-26 14:38:38,539 INFO [root] [test_login_params.py(test01_login:30)] - 登录的结果为：{'success': False, 'code': 20001, 'message': '用户名或密码错误', 'data': None}
2020-03-26 14:38:38,624 INFO [root] [test_emp2.py(test01_login:41)] - 员工模块登录接口的结果为：{'success': True, 'code': 10000, 'message': '操作成功！', 'data': 'ac28a7d2-0a3c-4f73-9110-2527af709e4f'}
2020-03-26 14:38:38,625 INFO [root] [test_emp2.py(test01_login:45)] - 登录成功后设置的请求头为：{'Content-Type': 'application/json', 'Authorization': 'Bearer ac28a7d2-0a3c-4f73-9110-2527af709e4f'}
2020-03-26 14:38:38,704 INFO [root] [test_emp2.py(test02_add_emp:55)] - 添加员工的结果为：{'success': True, 'code': 10000, 'message': '操作成功！', 'data': {'id': '1243064804528443392'}}
2020-03-26 14:38:38,705 INFO [root] [test_emp2.py(test02_add_emp:61)] - app.EMPID为：1243064804528443392
2020-03-26 14:38:38,781 INFO [root] [test_emp2.py(test03_query_emp:71)] - 查询员工的结果为：{'success': True, 'code': 10000, 'message': '操作成功！', 'data': {'id': '1243064804528443392', 'mobile': '14790123809', 'username': '葫芦娃xxsupe007', 'password': '4558335727750c302bafb6cfac515404', 'enableState': 1, 'createTime': None, 'companyId': '1', 'companyName': '传智播客', 'departmentId': '1226092852421177344', 'timeOfEntry': '2020-03-16T00:00:00.000+0000', 'formOfEmployment': 2, 'workNumber': None, 'formOfManagement': None, 'workingCity': None, 'correctionTime': '2020-03-15T16:00:00.000+0000', 'inServiceStatus': None, 'departmentName': 'snowsnow', 'roleIds': [], 'staffPhoto': None}}
2020-03-26 14:38:38,861 INFO [root] [test_emp2.py(test04_modify_emp:81)] - 修改员工的结果为：{'success': True, 'code': 10000, 'message': '操作成功！', 'data': {'id': '1243064804528443392'}}
2020-03-26 14:38:39,050 INFO [root] [test_emp2.py(test04_modify_emp:100)] - 打印SQL语句：select username from bs_user where id=1243064804528443392
2020-03-26 14:38:39,094 INFO [root] [test_emp2.py(test04_modify_emp:106)] - 执行SQL语句查询的结果为：('金刚狼',)
2020-03-26 14:38:39,175 INFO [root] [test_emp2.py(test05_delete_emp:123)] - 删除员工的结果为：{'success': True, 'code': 10000, 'message': '操作成功！', 'data': None}
